<?xml version="1.0" encoding="UTF-8"?>
<!-- Generated by org.testng.reporters.JUnitReportReporter -->
<testsuite hostname="Eldorado" name="com.epam.kulibaba.test.TestFunctionWeightAjusmtment" tests="2" failures="0" timestamp="17 Nov 2013 10:59:55 GMT" time="47.191" errors="0">
  <testcase name="testFunctionWeightAjusmtment" time="29.061" classname="com.epam.kulibaba.test.TestFunctionWeightAjusmtment"/>
  <testcase name="testFunctionWeightAjusmtment" time="18.130" classname="com.epam.kulibaba.test.TestFunctionWeightAjusmtment"/>
</testsuite> <!-- com.epam.kulibaba.test.TestFunctionWeightAjusmtment -->
