<?xml version="1.0" encoding="UTF-8"?>
<!-- Generated by org.testng.reporters.JUnitReportReporter -->
<testsuite hostname="EPUAKHAW0241" name="com.epam.kulibaba.test.TestSortListProducts" tests="1" failures="0" timestamp="7 Nov 2013 11:33:33 GMT" time="304.913" errors="0">
  <testcase name="testPriceSort" time="304.913" classname="com.epam.kulibaba.test.TestSortListProducts"/>
</testsuite> <!-- com.epam.kulibaba.test.TestSortListProducts -->
