<?xml version="1.0" encoding="UTF-8"?>
<!-- Generated by org.testng.reporters.JUnitReportReporter -->
<testsuite hostname="Eldorado" name="com.epam.kulibaba.test.TestSortByPriceListProducts" tests="2" failures="0" timestamp="17 Nov 2013 11:59:56 GMT" time="118.791" errors="0">
  <testcase name="testPriceSort" time="65.306" classname="com.epam.kulibaba.test.TestSortByPriceListProducts"/>
  <testcase name="testPriceSort" time="53.485" classname="com.epam.kulibaba.test.TestSortByPriceListProducts"/>
</testsuite> <!-- com.epam.kulibaba.test.TestSortByPriceListProducts -->
