<?xml version="1.0" encoding="UTF-8"?>
<!-- Generated by org.testng.reporters.JUnitReportReporter -->
<testsuite hostname="EPUAKHAW0241" name="com.epam.kulibaba.test.TestCompareProducts" tests="2" failures="0" timestamp="18 Nov 2013 08:44:40 GMT" time="54.034" errors="0">
  <testcase name="testCheckProductsCompare" time="30.736" classname="com.epam.kulibaba.test.TestCompareProducts"/>
  <testcase name="testCheckProductsCompare" time="23.298" classname="com.epam.kulibaba.test.TestCompareProducts"/>
</testsuite> <!-- com.epam.kulibaba.test.TestCompareProducts -->
