<?xml version="1.0" encoding="UTF-8"?>
<!-- Generated by org.testng.reporters.JUnitReportReporter -->
<testsuite hostname="Eldorado" name="com.epam.kulibaba.test.TestInformationAboutProducts" tests="1" failures="0" timestamp="17 Nov 2013 12:01:22 GMT" time="161.521" errors="0">
  <testcase name="testCheckProductsInformation" time="161.521" classname="com.epam.kulibaba.test.TestInformationAboutProducts"/>
</testsuite> <!-- com.epam.kulibaba.test.TestInformationAboutProducts -->
