<?xml version="1.0" encoding="UTF-8"?>
<!-- Generated by org.testng.reporters.JUnitReportReporter -->
<testsuite hostname="EPUAKHAW0241" name="com.epam.kulibaba.test.TestDemo" tests="1" failures="0" timestamp="1 Nov 2013 10:19:10 GMT" time="4.432" errors="0">
  <testcase name="testCheckProductsCompare" time="4.432" classname="com.epam.kulibaba.test.TestDemo"/>
</testsuite> <!-- com.epam.kulibaba.test.TestDemo -->
