<?xml version="1.0" encoding="UTF-8"?>
<!-- Generated by org.testng.reporters.JUnitReportReporter -->
<testsuite hostname="Eldorado" name="com.epam.kulibaba.tests.TestBase" tests="1" failures="0" timestamp="28 Oct 2013 06:30:52 GMT" time="4.986" errors="0">
  <testcase name="test" time="4.986" classname="com.epam.kulibaba.tests.TestBase"/>
</testsuite> <!-- com.epam.kulibaba.tests.TestBase -->
