<?xml version="1.0" encoding="UTF-8"?>
<!-- Generated by org.testng.reporters.JUnitReportReporter -->
<testsuite hostname="Eldorado" name="com.epam.kulibaba.test.TestSortByNameListProducts" tests="2" failures="0" timestamp="17 Nov 2013 11:55:03 GMT" time="75.196" errors="0">
  <testcase name="testNameSort" time="40.080" classname="com.epam.kulibaba.test.TestSortByNameListProducts"/>
  <testcase name="testNameSort" time="35.116" classname="com.epam.kulibaba.test.TestSortByNameListProducts"/>
</testsuite> <!-- com.epam.kulibaba.test.TestSortByNameListProducts -->
