<?xml version="1.0" encoding="UTF-8"?>
<!-- Generated by org.testng.reporters.JUnitReportReporter -->
<testsuite hostname="Eldorado" name="com.epam.kulibaba.test.TestFilteredByFunction" tests="2" failures="0" timestamp="17 Nov 2013 12:08:19 GMT" time="38.870" errors="0">
  <testcase name="testFunctionWeightAjusmtment" time="16.779" classname="com.epam.kulibaba.test.TestFilteredByFunction"/>
  <testcase name="testFunctionWeightAjusmtment" time="22.091" classname="com.epam.kulibaba.test.TestFilteredByFunction"/>
</testsuite> <!-- com.epam.kulibaba.test.TestFilteredByFunction -->
