<?xml version="1.0" encoding="UTF-8"?>
<!-- Generated by org.testng.reporters.JUnitReportReporter -->
<testsuite hostname="Eldorado" name="com.epam.kulibaba.test.TestFilterPrice" tests="2" failures="0" timestamp="13 Jan 2014 09:06:59 GMT" time="80.574" errors="0">
  <testcase name="testSetFilterPrice" time="50.432" classname="com.epam.kulibaba.test.TestFilterPrice"/>
  <testcase name="testSetFilterPrice" time="30.142" classname="com.epam.kulibaba.test.TestFilterPrice"/>
</testsuite> <!-- com.epam.kulibaba.test.TestFilterPrice -->
